{"/Users/jacksonli/WebstormProjects/assignment-jacksonliiii/crew-builder-v2/backend/routes/membersRoute.js": {"path":"/Users/jacksonli/WebstormProjects/assignment-jacksonliiii/crew-builder-v2/backend/routes/membersRoute.js","statementMap":{"0":{"start":{"line":1,"column":16},"end":{"line":1,"column":34}},"1":{"start":{"line":2,"column":15},"end":{"line":2,"column":31}},"2":{"start":{"line":3,"column":15},"end":{"line":3,"column":31}},"3":{"start":{"line":5,"column":22},"end":{"line":5,"column":23}},"4":{"start":{"line":6,"column":18},"end":{"line":6,"column":19}},"5":{"start":{"line":8,"column":23},"end":{"line":8,"column":32}},"6":{"start":{"line":11,"column":0},"end":{"line":23,"column":3}},"7":{"start":{"line":12,"column":2},"end":{"line":22,"column":3}},"8":{"start":{"line":13,"column":23},"end":{"line":13,"column":77}},"9":{"start":{"line":15,"column":4},"end":{"line":19,"column":5}},"10":{"start":{"line":16,"column":6},"end":{"line":16,"column":27}},"11":{"start":{"line":18,"column":6},"end":{"line":18,"column":60}},"12":{"start":{"line":21,"column":4},"end":{"line":21,"column":54}},"13":{"start":{"line":26,"column":0},"end":{"line":41,"column":3}},"14":{"start":{"line":27,"column":19},"end":{"line":27,"column":38}},"15":{"start":{"line":28,"column":2},"end":{"line":40,"column":3}},"16":{"start":{"line":29,"column":24},"end":{"line":31,"column":38}},"17":{"start":{"line":33,"column":4},"end":{"line":35,"column":5}},"18":{"start":{"line":34,"column":6},"end":{"line":34,"column":88}},"19":{"start":{"line":37,"column":4},"end":{"line":37,"column":45}},"20":{"start":{"line":39,"column":4},"end":{"line":39,"column":61}},"21":{"start":{"line":44,"column":0},"end":{"line":60,"column":3}},"22":{"start":{"line":45,"column":20},"end":{"line":45,"column":35}},"23":{"start":{"line":46,"column":2},"end":{"line":59,"column":3}},"24":{"start":{"line":47,"column":23},"end":{"line":47,"column":77}},"25":{"start":{"line":49,"column":4},"end":{"line":56,"column":5}},"26":{"start":{"line":50,"column":6},"end":{"line":50,"column":63}},"27":{"start":{"line":51,"column":6},"end":{"line":51,"column":45}},"28":{"start":{"line":53,"column":6},"end":{"line":55,"column":78}},"29":{"start":{"line":58,"column":4},"end":{"line":58,"column":61}},"30":{"start":{"line":63,"column":0},"end":{"line":76,"column":3}},"31":{"start":{"line":64,"column":19},"end":{"line":64,"column":38}},"32":{"start":{"line":65,"column":2},"end":{"line":75,"column":3}},"33":{"start":{"line":66,"column":19},"end":{"line":66,"column":88}},"34":{"start":{"line":68,"column":4},"end":{"line":70,"column":5}},"35":{"start":{"line":69,"column":6},"end":{"line":69,"column":88}},"36":{"start":{"line":72,"column":4},"end":{"line":72,"column":34}},"37":{"start":{"line":74,"column":4},"end":{"line":74,"column":61}},"38":{"start":{"line":79,"column":0},"end":{"line":109,"column":3}},"39":{"start":{"line":80,"column":19},"end":{"line":80,"column":38}},"40":{"start":{"line":81,"column":2},"end":{"line":108,"column":3}},"41":{"start":{"line":82,"column":19},"end":{"line":84,"column":38}},"42":{"start":{"line":86,"column":4},"end":{"line":88,"column":5}},"43":{"start":{"line":87,"column":6},"end":{"line":87,"column":67}},"44":{"start":{"line":90,"column":4},"end":{"line":94,"column":5}},"45":{"start":{"line":91,"column":6},"end":{"line":93,"column":80}},"46":{"start":{"line":96,"column":4},"end":{"line":101,"column":8}},"47":{"start":{"line":104,"column":4},"end":{"line":104,"column":26}},"48":{"start":{"line":105,"column":4},"end":{"line":105,"column":40}},"49":{"start":{"line":107,"column":4},"end":{"line":107,"column":61}},"50":{"start":{"line":111,"column":0},"end":{"line":111,"column":24}}},"fnMap":{"0":{"name":"(anonymous_0)","decl":{"start":{"line":11,"column":16},"end":{"line":11,"column":17}},"loc":{"start":{"line":11,"column":36},"end":{"line":23,"column":1}},"line":11},"1":{"name":"(anonymous_1)","decl":{"start":{"line":26,"column":25},"end":{"line":26,"column":26}},"loc":{"start":{"line":26,"column":45},"end":{"line":41,"column":1}},"line":26},"2":{"name":"(anonymous_2)","decl":{"start":{"line":44,"column":17},"end":{"line":44,"column":18}},"loc":{"start":{"line":44,"column":37},"end":{"line":60,"column":1}},"line":44},"3":{"name":"(anonymous_3)","decl":{"start":{"line":63,"column":28},"end":{"line":63,"column":29}},"loc":{"start":{"line":63,"column":48},"end":{"line":76,"column":1}},"line":63},"4":{"name":"(anonymous_4)","decl":{"start":{"line":79,"column":27},"end":{"line":79,"column":28}},"loc":{"start":{"line":79,"column":47},"end":{"line":109,"column":1}},"line":79}},"branchMap":{"0":{"loc":{"start":{"line":15,"column":4},"end":{"line":19,"column":5}},"type":"if","locations":[{"start":{"line":15,"column":4},"end":{"line":19,"column":5}},{"start":{"line":17,"column":11},"end":{"line":19,"column":5}}],"line":15},"1":{"loc":{"start":{"line":33,"column":4},"end":{"line":35,"column":5}},"type":"if","locations":[{"start":{"line":33,"column":4},"end":{"line":35,"column":5}},{"start":{},"end":{}}],"line":33},"2":{"loc":{"start":{"line":49,"column":4},"end":{"line":56,"column":5}},"type":"if","locations":[{"start":{"line":49,"column":4},"end":{"line":56,"column":5}},{"start":{"line":52,"column":11},"end":{"line":56,"column":5}}],"line":49},"3":{"loc":{"start":{"line":68,"column":4},"end":{"line":70,"column":5}},"type":"if","locations":[{"start":{"line":68,"column":4},"end":{"line":70,"column":5}},{"start":{},"end":{}}],"line":68},"4":{"loc":{"start":{"line":86,"column":4},"end":{"line":88,"column":5}},"type":"if","locations":[{"start":{"line":86,"column":4},"end":{"line":88,"column":5}},{"start":{},"end":{}}],"line":86},"5":{"loc":{"start":{"line":90,"column":4},"end":{"line":94,"column":5}},"type":"if","locations":[{"start":{"line":90,"column":4},"end":{"line":94,"column":5}},{"start":{},"end":{}}],"line":90}},"s":{"0":1,"1":1,"2":1,"3":1,"4":1,"5":1,"6":1,"7":3,"8":3,"9":2,"10":1,"11":1,"12":1,"13":1,"14":3,"15":3,"16":3,"17":2,"18":1,"19":1,"20":1,"21":1,"22":3,"23":3,"24":3,"25":2,"26":1,"27":1,"28":1,"29":1,"30":1,"31":3,"32":3,"33":3,"34":2,"35":1,"36":1,"37":1,"38":1,"39":4,"40":4,"41":4,"42":4,"43":1,"44":3,"45":1,"46":2,"47":1,"48":1,"49":1,"50":1},"f":{"0":3,"1":3,"2":3,"3":3,"4":4},"b":{"0":[1,1],"1":[1,1],"2":[1,1],"3":[1,1],"4":[1,3],"5":[1,2]},"_coverageSchema":"1a1c01bbd47fc00a2c39e90264f33305004495a9","hash":"f4a24628b4baee9568ff85680021878aa99c5c22"}
,"/Users/jacksonli/WebstormProjects/assignment-jacksonliiii/crew-builder-v2/backend/routes/playersRoute.js": {"path":"/Users/jacksonli/WebstormProjects/assignment-jacksonliiii/crew-builder-v2/backend/routes/playersRoute.js","statementMap":{"0":{"start":{"line":1,"column":16},"end":{"line":1,"column":34}},"1":{"start":{"line":2,"column":15},"end":{"line":2,"column":31}},"2":{"start":{"line":3,"column":15},"end":{"line":3,"column":31}},"3":{"start":{"line":5,"column":21},"end":{"line":5,"column":30}},"4":{"start":{"line":8,"column":0},"end":{"line":21,"column":3}},"5":{"start":{"line":9,"column":19},"end":{"line":9,"column":38}},"6":{"start":{"line":10,"column":2},"end":{"line":20,"column":3}},"7":{"start":{"line":11,"column":19},"end":{"line":11,"column":84}},"8":{"start":{"line":13,"column":4},"end":{"line":15,"column":5}},"9":{"start":{"line":14,"column":6},"end":{"line":14,"column":88}},"10":{"start":{"line":17,"column":4},"end":{"line":17,"column":40}},"11":{"start":{"line":19,"column":4},"end":{"line":19,"column":61}},"12":{"start":{"line":24,"column":0},"end":{"line":47,"column":3}},"13":{"start":{"line":25,"column":19},"end":{"line":25,"column":38}},"14":{"start":{"line":26,"column":17},"end":{"line":26,"column":42}},"15":{"start":{"line":28,"column":2},"end":{"line":30,"column":3}},"16":{"start":{"line":29,"column":4},"end":{"line":29,"column":63}},"17":{"start":{"line":32,"column":2},"end":{"line":46,"column":3}},"18":{"start":{"line":33,"column":19},"end":{"line":33,"column":84}},"19":{"start":{"line":35,"column":4},"end":{"line":37,"column":5}},"20":{"start":{"line":36,"column":6},"end":{"line":36,"column":88}},"21":{"start":{"line":39,"column":23},"end":{"line":39,"column":46}},"22":{"start":{"line":41,"column":4},"end":{"line":41,"column":107}},"23":{"start":{"line":43,"column":4},"end":{"line":43,"column":44}},"24":{"start":{"line":45,"column":4},"end":{"line":45,"column":61}},"25":{"start":{"line":49,"column":0},"end":{"line":49,"column":24}}},"fnMap":{"0":{"name":"(anonymous_0)","decl":{"start":{"line":8,"column":25},"end":{"line":8,"column":26}},"loc":{"start":{"line":8,"column":45},"end":{"line":21,"column":1}},"line":8},"1":{"name":"(anonymous_1)","decl":{"start":{"line":24,"column":35},"end":{"line":24,"column":36}},"loc":{"start":{"line":24,"column":55},"end":{"line":47,"column":1}},"line":24}},"branchMap":{"0":{"loc":{"start":{"line":13,"column":4},"end":{"line":15,"column":5}},"type":"if","locations":[{"start":{"line":13,"column":4},"end":{"line":15,"column":5}},{"start":{},"end":{}}],"line":13},"1":{"loc":{"start":{"line":28,"column":2},"end":{"line":30,"column":3}},"type":"if","locations":[{"start":{"line":28,"column":2},"end":{"line":30,"column":3}},{"start":{},"end":{}}],"line":28},"2":{"loc":{"start":{"line":35,"column":4},"end":{"line":37,"column":5}},"type":"if","locations":[{"start":{"line":35,"column":4},"end":{"line":37,"column":5}},{"start":{},"end":{}}],"line":35}},"s":{"0":1,"1":1,"2":1,"3":1,"4":1,"5":3,"6":3,"7":3,"8":2,"9":1,"10":1,"11":1,"12":1,"13":5,"14":5,"15":5,"16":1,"17":4,"18":4,"19":4,"20":1,"21":3,"22":3,"23":2,"24":1,"25":1},"f":{"0":3,"1":5},"b":{"0":[1,1],"1":[1,4],"2":[1,3]},"_coverageSchema":"1a1c01bbd47fc00a2c39e90264f33305004495a9","hash":"ec5b171a3a9ab60ae61abae91cb22e6cb7510c05"}
}
