TN:
SF:routes/membersRoute.js
FN:11,(anonymous_0)
FN:26,(anonymous_1)
FN:44,(anonymous_2)
FN:63,(anonymous_3)
FN:79,(anonymous_4)
FNF:5
FNH:5
FNDA:3,(anonymous_0)
FNDA:3,(anonymous_1)
FNDA:3,(anonymous_2)
FNDA:3,(anonymous_3)
FNDA:4,(anonymous_4)
DA:1,1
DA:2,1
DA:3,1
DA:5,1
DA:6,1
DA:8,1
DA:11,1
DA:12,3
DA:13,3
DA:15,2
DA:16,1
DA:18,1
DA:21,1
DA:26,1
DA:27,3
DA:28,3
DA:29,3
DA:33,2
DA:34,1
DA:37,1
DA:39,1
DA:44,1
DA:45,3
DA:46,3
DA:47,3
DA:49,2
DA:50,1
DA:51,1
DA:53,1
DA:58,1
DA:63,1
DA:64,3
DA:65,3
DA:66,3
DA:68,2
DA:69,1
DA:72,1
DA:74,1
DA:79,1
DA:80,4
DA:81,4
DA:82,4
DA:86,4
DA:87,1
DA:90,3
DA:91,1
DA:96,2
DA:104,1
DA:105,1
DA:107,1
DA:111,1
LF:51
LH:51
BRDA:15,0,0,1
BRDA:15,0,1,1
BRDA:33,1,0,1
BRDA:33,1,1,1
BRDA:49,2,0,1
BRDA:49,2,1,1
BRDA:68,3,0,1
BRDA:68,3,1,1
BRDA:86,4,0,1
BRDA:86,4,1,3
BRDA:90,5,0,1
BRDA:90,5,1,2
BRF:12
BRH:12
end_of_record
TN:
SF:routes/playersRoute.js
FN:8,(anonymous_0)
FN:24,(anonymous_1)
FNF:2
FNH:2
FNDA:3,(anonymous_0)
FNDA:5,(anonymous_1)
DA:1,1
DA:2,1
DA:3,1
DA:5,1
DA:8,1
DA:9,3
DA:10,3
DA:11,3
DA:13,2
DA:14,1
DA:17,1
DA:19,1
DA:24,1
DA:25,5
DA:26,5
DA:28,5
DA:29,1
DA:32,4
DA:33,4
DA:35,4
DA:36,1
DA:39,3
DA:41,3
DA:43,2
DA:45,1
DA:49,1
LF:26
LH:26
BRDA:13,0,0,1
BRDA:13,0,1,1
BRDA:28,1,0,1
BRDA:28,1,1,4
BRDA:35,2,0,1
BRDA:35,2,1,3
BRF:6
BRH:6
end_of_record
